生成启动时间为 2018/4/20 8:55:44。
     1>项目“E:\Learn\VS2013\Linux-C\linux-arabic\linux-arabic\linux-arabic\linux-arabic.vcxproj”在节点 2 上(Build 个目标)。
     1>ClCompile:
         C:\Program Files (x86)\Microsoft Visual Studio 12.0\VC\bin\CL.exe /c /ZI /nologo /W3 /WX- /sdl /Od /Oy- /D WIN32 /D _DEBUG /D _CONSOLE /D _LIB /D _UNICODE /D UNICODE /Gm /EHsc /RTC1 /MDd /GS /fp:precise /Zc:wchar_t /Zc:forScope /Fo"Debug\\" /Fd"Debug\vc120.pdb" /Gd /TC /analyze- /errorReport:prompt ..\..\src\convert.c ..\..\src\main.c
         main.c
     1>e:\learn\vs2013\linux-c\linux-arabic\src\main.c(33): error C4996: 'fopen': This function or variable may be unsafe. Consider using fopen_s instead. To disable deprecation, use _CRT_SECURE_NO_WARNINGS. See online help for details.
                 c:\program files (x86)\microsoft visual studio 12.0\vc\include\stdio.h(211) : 参见“fopen”的声明
     1>e:\learn\vs2013\linux-c\linux-arabic\src\main.c(38): warning C4047: “函数”:“char *”与“char *[10240]”的间接级别不同
     1>e:\learn\vs2013\linux-c\linux-arabic\src\main.c(38): warning C4024: “xStudio_fread_line”: 形参和实参 2 的类型不同
     1>e:\learn\vs2013\linux-c\linux-arabic\src\main.c(42): warning C4047: “函数”:“char *”与“char *[10240]”的间接级别不同
     1>e:\learn\vs2013\linux-c\linux-arabic\src\main.c(42): warning C4024: “xStudio_string_utf8_to_unicode”: 形参和实参 1 的类型不同
         convert.c
     1>e:\learn\vs2013\linux-c\linux-arabic\src\convert.c(15): error C4996: 'getenv': This function or variable may be unsafe. Consider using _dupenv_s instead. To disable deprecation, use _CRT_SECURE_NO_WARNINGS. See online help for details.
                 c:\program files (x86)\microsoft visual studio 12.0\vc\include\stdlib.h(462) : 参见“getenv”的声明
     1>e:\learn\vs2013\linux-c\linux-arabic\src\convert.c(19): warning C4013: “memchr”未定义；假设外部返回 int
     1>e:\learn\vs2013\linux-c\linux-arabic\src\convert.c(19): warning C4013: “strlen”未定义；假设外部返回 int
     1>e:\learn\vs2013\linux-c\linux-arabic\src\convert.c(19): warning C4047: “初始化”:“char *”与“int”的间接级别不同
     1>e:\learn\vs2013\linux-c\linux-arabic\src\convert.c(23): error C2065: “iconv_t”: 未声明的标识符
     1>e:\learn\vs2013\linux-c\linux-arabic\src\convert.c(23): error C2065: “icnv”: 未声明的标识符
     1>e:\learn\vs2013\linux-c\linux-arabic\src\convert.c(23): warning C4013: “iconv_open”未定义；假设外部返回 int
     1>e:\learn\vs2013\linux-c\linux-arabic\src\convert.c(23): error C2106: “=”: 左操作数必须为左值
     1>e:\learn\vs2013\linux-c\linux-arabic\src\convert.c(27): error C2065: “icnv”: 未声明的标识符
     1>e:\learn\vs2013\linux-c\linux-arabic\src\convert.c(27): warning C4047: “==”:“int”与“void *”的间接级别不同
     1>e:\learn\vs2013\linux-c\linux-arabic\src\convert.c(29): warning C4013: “iconv”未定义；假设外部返回 int
     1>e:\learn\vs2013\linux-c\linux-arabic\src\convert.c(29): error C2065: “icnv”: 未声明的标识符
     1>e:\learn\vs2013\linux-c\linux-arabic\src\convert.c(32): warning C4013: “iconv_close”未定义；假设外部返回 int
     1>e:\learn\vs2013\linux-c\linux-arabic\src\convert.c(32): error C2065: “icnv”: 未声明的标识符
     1>e:\learn\vs2013\linux-c\linux-arabic\src\convert.c(36): error C2065: “icnv”: 未声明的标识符
         正在生成代码...
     1>已完成生成项目“E:\Learn\VS2013\Linux-C\linux-arabic\linux-arabic\linux-arabic\linux-arabic.vcxproj”(Build 个目标)的操作 - 失败。

生成失败。

已用时间 00:00:02.97
